<?xml version="1.0" encoding="UTF-8"?>
<testsuite xmlns:xsi="http://www.w3.org/2001/XMLSchema-instance" xsi:noNamespaceSchemaLocation="https://maven.apache.org/surefire/maven-surefire-plugin/xsd/surefire-test-report-3.0.xsd" version="3.0" name="top.soft.bookonline.dao.UserDaoTest" time="0.536" tests="2" errors="1" skipped="0" failures="0">
  <properties>
[...]
</properties>
  <testcase name="findUser" classname="top.soft.bookonline.dao.UserDaoTest" time="0.047"/>
  <testcase name="insertUser" classname="top.soft.bookonline.dao.UserDaoTest" time="0.452">
    <error message="PreparedStatementCallback; SQL [INSERT INTO  t_user (account,password,nickname,avatar,address) VALUES (?,?,?,?,?)]; Duplicate entry &apos;333&apos; for key &apos;t_user.account&apos;; nested exception is java.sql.SQLIntegrityConstraintViolationException: Duplicate entry &apos;333&apos; for key &apos;t_user.account&apos;" type="org.springframework.dao.DuplicateKeyException"><![CDATA[org.springframework.dao.DuplicateKeyException: PreparedStatementCallback; SQL [INSERT INTO  t_user (account,password,nickname,avatar,address) VALUES (?,?,?,?,?)]; Duplicate entry '333' for key 't_user.account'; nested exception is java.sql.SQLIntegrityConstraintViolationException: Duplicate entry '333' for key 't_user.account'
	at org.springframework.jdbc.support.SQLErrorCodeSQLExceptionTranslator.doTranslate(SQLErrorCodeSQLExceptionTranslator.java:247)
	at org.springframework.jdbc.support.AbstractFallbackSQLExceptionTranslator.translate(AbstractFallbackSQLExceptionTranslator.java:70)
	at org.springframework.jdbc.core.JdbcTemplate.translateException(JdbcTemplate.java:1541)
	at org.springframework.jdbc.core.JdbcTemplate.execute(JdbcTemplate.java:667)
	at org.springframework.jdbc.core.JdbcTemplate.update(JdbcTemplate.java:960)
	at org.springframework.jdbc.core.JdbcTemplate.update(JdbcTemplate.java:1015)
	at org.springframework.jdbc.core.JdbcTemplate.update(JdbcTemplate.java:1025)
	at top.soft.bookonline.dao.impl.UserDaoImpl.insertUser(UserDaoImpl.java:17)
	at top.soft.bookonline.dao.UserDaoTest.insertUser(UserDaoTest.java:16)
	at java.base/java.lang.reflect.Method.invoke(Method.java:568)
	at java.base/java.util.ArrayList.forEach(ArrayList.java:1511)
	at java.base/java.util.ArrayList.forEach(ArrayList.java:1511)
Caused by: java.sql.SQLIntegrityConstraintViolationException: Duplicate entry '333' for key 't_user.account'
	at com.mysql.cj.jdbc.exceptions.SQLError.createSQLException(SQLError.java:117)
	at com.mysql.cj.jdbc.exceptions.SQLExceptionsMapping.translateException(SQLExceptionsMapping.java:122)
	at com.mysql.cj.jdbc.ClientPreparedStatement.executeInternal(ClientPreparedStatement.java:953)
	at com.mysql.cj.jdbc.ClientPreparedStatement.executeUpdateInternal(ClientPreparedStatement.java:1098)
	at com.mysql.cj.jdbc.ClientPreparedStatement.executeUpdateInternal(ClientPreparedStatement.java:1046)
	at com.mysql.cj.jdbc.ClientPreparedStatement.executeLargeUpdate(ClientPreparedStatement.java:1371)
	at com.mysql.cj.jdbc.ClientPreparedStatement.executeUpdate(ClientPreparedStatement.java:1031)
	at com.alibaba.druid.pool.DruidPooledPreparedStatement.executeUpdate(DruidPooledPreparedStatement.java:255)
	at org.springframework.jdbc.core.JdbcTemplate.lambda$update$2(JdbcTemplate.java:965)
	at org.springframework.jdbc.core.JdbcTemplate.execute(JdbcTemplate.java:651)
	... 8 more
]]></error>
    <system-err><![CDATA[10月 08, 2024 3:13:31 下午 com.alibaba.druid.support.logging.JakartaCommonsLoggingImpl info
信息: {dataSource-1} inited
]]></system-err>
  </testcase>
</testsuite>